This file contains any messages produced by compilers while
running configure, to aid debugging if configure makes a mistake.

It was created by tesseract configure 3.02.02, which was
generated by GNU Autoconf 2.68.  Invocation command line was

  $ ./configure 

## --------- ##
## Platform. ##
## --------- ##

hostname = Hugin
uname -m = x86_64
uname -r = 3.6.5-hardened
uname -s = Linux
uname -v = #3 SMP PREEMPT Thu Mar 21 19:29:48 EDT 2013

/usr/bin/uname -p = Intel(R) Core(TM)2 Duo CPU T9300 @ 2.50GHz
/bin/uname -X     = unknown

/bin/arch              = unknown
/usr/bin/arch -k       = unknown
/usr/convex/getsysinfo = unknown
/usr/bin/hostinfo      = unknown
/bin/machine           = unknown
/usr/bin/oslevel       = unknown
/bin/universe          = unknown

PATH: /usr/local/share/dcompilers/dmd/linux/bin64
PATH: /usr/local/share/dcompilers/gdc32/bin
PATH: /usr/local/share/dcompilers/gdc64/bin
PATH: /usr/local/share/dcompilers/dmd/linux/bin
PATH: /usr/local/share/dcompilers
PATH: .
PATH: /home/chad/dprojects/cse560/dil/bin
PATH: /home/chad/blue/bin
PATH: /opt/vmware/workstation/bin
PATH: /usr/local/bin
PATH: /usr/bin
PATH: /bin
PATH: /opt/bin
PATH: /usr/x86_64-pc-linux-gnu/gcc-bin/4.5.4
PATH: /usr/kde/3.5/bin
PATH: /usr/qt/3/bin
PATH: /usr/games/bin
PATH: /usr/local/share/bin
PATH: /usr/local/share/flexsdk/bin
PATH: /usr/local/share/haxe
PATH: /usr/local/share/dcompilers/dmd/linux/bin64
PATH: /usr/local/share/dcompilers/dmd/linux/bin
PATH: /usr/share/scala
PATH: /usr/local/share/gradle/bin
PATH: /home/chad/downloads/flash/flash_player_11_linux_dev


## ----------- ##
## Core tests. ##
## ----------- ##

configure:2584: checking build system type
configure:2598: result: x86_64-unknown-linux-gnu
configure:2618: checking host system type
configure:2631: result: x86_64-unknown-linux-gnu
configure:2700: checking --enable-graphics argument
configure:2709: result: yes
configure:2726: checking --enable-embedded argument
configure:2735: result: no
configure:2753: checking --enable-visibility argument
configure:2762: result: no
configure:2774: checking --enable-multiple-libraries argument
configure:2783: result: no
configure:2795: checking whether to use tessdata-prefix
configure:2804: result: yes
configure:2816: checking whether to enable debugging
configure:2825: result: no
configure:2939: checking for g++
configure:2955: found /usr/bin/g++
configure:2966: result: g++
configure:2993: checking for C++ compiler version
configure:3002: g++ --version >&5
g++ (Gentoo Hardened 4.5.4 p1.0, pie-0.4.7) 4.5.4
Copyright (C) 2010 Free Software Foundation, Inc.
This is free software; see the source for copying conditions.  There is NO
warranty; not even for MERCHANTABILITY or FITNESS FOR A PARTICULAR PURPOSE.

configure:3013: $? = 0
configure:3002: g++ -v >&5
Using built-in specs.
COLLECT_GCC=/usr/x86_64-pc-linux-gnu/gcc-bin/4.5.4/g++
COLLECT_LTO_WRAPPER=/usr/libexec/gcc/x86_64-pc-linux-gnu/4.5.4/lto-wrapper
Target: x86_64-pc-linux-gnu
Configured with: /var/tmp/portage/sys-devel/gcc-4.5.4/work/gcc-4.5.4/configure --prefix=/usr --bindir=/usr/x86_64-pc-linux-gnu/gcc-bin/4.5.4 --includedir=/usr/lib/gcc/x86_64-pc-linux-gnu/4.5.4/include --datadir=/usr/share/gcc-data/x86_64-pc-linux-gnu/4.5.4 --mandir=/usr/share/gcc-data/x86_64-pc-linux-gnu/4.5.4/man --infodir=/usr/share/gcc-data/x86_64-pc-linux-gnu/4.5.4/info --with-gxx-include-dir=/usr/lib/gcc/x86_64-pc-linux-gnu/4.5.4/include/g++-v4 --host=x86_64-pc-linux-gnu --build=x86_64-pc-linux-gnu --disable-altivec --disable-fixed-point --without-ppl --without-cloog --disable-lto --enable-nls --without-included-gettext --with-system-zlib --enable-obsolete --disable-werror --enable-secureplt --enable-multilib --enable-libmudflap --disable-libssp --enable-esp --enable-libgomp --with-python-dir=/share/gcc-data/x86_64-pc-linux-gnu/4.5.4/python --enable-checking=release --enable-languages=c,c++,java,fortran --enable-shared --enable-threads=posix --enable-__cxa_atexit --enable-clocale=gnu --enable-targets=all --with-bugurl=http://bugs.gentoo.org/ --with-pkgversion='Gentoo Hardened 4.5.4 p1.0, pie-0.4.7'
Thread model: posix
gcc version 4.5.4 (Gentoo Hardened 4.5.4 p1.0, pie-0.4.7) 
configure:3013: $? = 0
configure:3002: g++ -V >&5
g++: '-V' option must have argument
configure:3013: $? = 1
configure:3002: g++ -qversion >&5
g++: unrecognized option '-qversion'
g++: no input files
configure:3013: $? = 1
configure:3033: checking whether the C++ compiler works
configure:3055: g++    conftest.cpp  >&5
configure:3059: $? = 0
configure:3107: result: yes
configure:3110: checking for C++ compiler default output file name
configure:3112: result: a.out
configure:3118: checking for suffix of executables
configure:3125: g++ -o conftest    conftest.cpp  >&5
configure:3129: $? = 0
configure:3151: result: 
configure:3173: checking whether we are cross compiling
configure:3181: g++ -o conftest    conftest.cpp  >&5
configure:3185: $? = 0
configure:3192: ./conftest
configure:3196: $? = 0
configure:3211: result: no
configure:3216: checking for suffix of object files
configure:3238: g++ -c   conftest.cpp >&5
configure:3242: $? = 0
configure:3263: result: o
configure:3267: checking whether we are using the GNU C++ compiler
configure:3286: g++ -c   conftest.cpp >&5
configure:3286: $? = 0
configure:3295: result: yes
configure:3304: checking whether g++ accepts -g
configure:3324: g++ -c -g  conftest.cpp >&5
configure:3324: $? = 0
configure:3365: result: yes
configure:3435: checking how to print strings
configure:3462: result: printf
configure:3531: checking for gcc
configure:3547: found /usr/bin/gcc
configure:3558: result: gcc
configure:3787: checking for C compiler version
configure:3796: gcc --version >&5
gcc (Gentoo Hardened 4.5.4 p1.0, pie-0.4.7) 4.5.4
Copyright (C) 2010 Free Software Foundation, Inc.
This is free software; see the source for copying conditions.  There is NO
warranty; not even for MERCHANTABILITY or FITNESS FOR A PARTICULAR PURPOSE.

configure:3807: $? = 0
configure:3796: gcc -v >&5
Using built-in specs.
COLLECT_GCC=/usr/x86_64-pc-linux-gnu/gcc-bin/4.5.4/gcc
COLLECT_LTO_WRAPPER=/usr/libexec/gcc/x86_64-pc-linux-gnu/4.5.4/lto-wrapper
Target: x86_64-pc-linux-gnu
Configured with: /var/tmp/portage/sys-devel/gcc-4.5.4/work/gcc-4.5.4/configure --prefix=/usr --bindir=/usr/x86_64-pc-linux-gnu/gcc-bin/4.5.4 --includedir=/usr/lib/gcc/x86_64-pc-linux-gnu/4.5.4/include --datadir=/usr/share/gcc-data/x86_64-pc-linux-gnu/4.5.4 --mandir=/usr/share/gcc-data/x86_64-pc-linux-gnu/4.5.4/man --infodir=/usr/share/gcc-data/x86_64-pc-linux-gnu/4.5.4/info --with-gxx-include-dir=/usr/lib/gcc/x86_64-pc-linux-gnu/4.5.4/include/g++-v4 --host=x86_64-pc-linux-gnu --build=x86_64-pc-linux-gnu --disable-altivec --disable-fixed-point --without-ppl --without-cloog --disable-lto --enable-nls --without-included-gettext --with-system-zlib --enable-obsolete --disable-werror --enable-secureplt --enable-multilib --enable-libmudflap --disable-libssp --enable-esp --enable-libgomp --with-python-dir=/share/gcc-data/x86_64-pc-linux-gnu/4.5.4/python --enable-checking=release --enable-languages=c,c++,java,fortran --enable-shared --enable-threads=posix --enable-__cxa_atexit --enable-clocale=gnu --enable-targets=all --with-bugurl=http://bugs.gentoo.org/ --with-pkgversion='Gentoo Hardened 4.5.4 p1.0, pie-0.4.7'
Thread model: posix
gcc version 4.5.4 (Gentoo Hardened 4.5.4 p1.0, pie-0.4.7) 
configure:3807: $? = 0
configure:3796: gcc -V >&5
gcc: '-V' option must have argument
configure:3807: $? = 1
configure:3796: gcc -qversion >&5
gcc: unrecognized option '-qversion'
gcc: no input files
configure:3807: $? = 1
configure:3811: checking whether we are using the GNU C compiler
configure:3830: gcc -c   conftest.c >&5
configure:3830: $? = 0
configure:3839: result: yes
configure:3848: checking whether gcc accepts -g
configure:3868: gcc -c -g  conftest.c >&5
configure:3868: $? = 0
configure:3909: result: yes
configure:3926: checking for gcc option to accept ISO C89
configure:3990: gcc  -c -g -O2  conftest.c >&5
configure:3990: $? = 0
configure:4003: result: none needed
configure:4023: checking for a sed that does not truncate output
configure:4087: result: /bin/sed
configure:4105: checking for grep that handles long lines and -e
configure:4163: result: /bin/grep
configure:4168: checking for egrep
configure:4230: result: /bin/grep -E
configure:4235: checking for fgrep
configure:4297: result: /bin/grep -F
configure:4332: checking for ld used by gcc
configure:4399: result: /usr/x86_64-pc-linux-gnu/bin/ld
configure:4406: checking if the linker (/usr/x86_64-pc-linux-gnu/bin/ld) is GNU ld
configure:4421: result: yes
configure:4433: checking for BSD- or MS-compatible name lister (nm)
configure:4482: result: /usr/bin/nm -B
configure:4612: checking the name lister (/usr/bin/nm -B) interface
configure:4619: gcc -c -g -O2  conftest.c >&5
configure:4622: /usr/bin/nm -B "conftest.o"
configure:4625: output
0000000000000000 B some_variable
configure:4632: result: BSD nm
configure:4635: checking whether ln -s works
configure:4639: result: yes
configure:4647: checking the maximum length of command line arguments
configure:4772: result: 1572864
configure:4789: checking whether the shell understands some XSI constructs
configure:4799: result: yes
configure:4803: checking whether the shell understands "+="
configure:4809: result: yes
configure:4844: checking how to convert x86_64-unknown-linux-gnu file names to x86_64-unknown-linux-gnu format
configure:4884: result: func_convert_file_noop
configure:4891: checking how to convert x86_64-unknown-linux-gnu file names to toolchain format
configure:4911: result: func_convert_file_noop
configure:4918: checking for /usr/x86_64-pc-linux-gnu/bin/ld option to reload object files
configure:4925: result: -r
configure:4999: checking for objdump
configure:5015: found /usr/bin/objdump
configure:5026: result: objdump
configure:5058: checking how to recognize dependent libraries
configure:5260: result: pass_all
configure:5345: checking for dlltool
configure:5375: result: no
configure:5405: checking how to associate runtime and link libraries
configure:5432: result: printf %s\n
configure:5493: checking for ar
configure:5509: found /usr/bin/ar
configure:5520: result: ar
configure:5557: checking for archiver @FILE support
configure:5574: gcc -c -g -O2  conftest.c >&5
configure:5574: $? = 0
configure:5577: ar cru libconftest.a @conftest.lst >&5
configure:5580: $? = 0
configure:5585: ar cru libconftest.a @conftest.lst >&5
ar: conftest.o: No such file or directory
configure:5588: $? = 1
configure:5600: result: @
configure:5658: checking for strip
configure:5674: found /usr/bin/strip
configure:5685: result: strip
configure:5757: checking for ranlib
configure:5773: found /usr/bin/ranlib
configure:5784: result: ranlib
configure:5861: checking for gawk
configure:5877: found /usr/bin/gawk
configure:5888: result: gawk
configure:5928: checking command to parse /usr/bin/nm -B output from gcc object
configure:6047: gcc -c -g -O2  conftest.c >&5
configure:6050: $? = 0
configure:6054: /usr/bin/nm -B conftest.o \| sed -n -e 's/^.*[ ]\([ABCDGIRSTW][ABCDGIRSTW]*\)[ ][ ]*\([_A-Za-z][_A-Za-z0-9]*\)$/\1 \2 \2/p' | sed '/ __gnu_lto/d' \> conftest.nm
configure:6057: $? = 0
configure:6123: gcc -o conftest -g -O2   conftest.c conftstm.o >&5
configure:6126: $? = 0
configure:6164: result: ok
configure:6201: checking for sysroot
configure:6231: result: no
configure:6308: gcc -c -g -O2  conftest.c >&5
configure:6311: $? = 0
configure:6474: checking for mt
configure:6504: result: no
configure:6524: checking if : is a manifest tool
configure:6530: : '-?'
configure:6538: result: no
configure:7170: checking how to run the C preprocessor
configure:7201: gcc -E  conftest.c
configure:7201: $? = 0
configure:7215: gcc -E  conftest.c
conftest.c:13:28: fatal error: ac_nonexistent.h: No such file or directory
compilation terminated.
configure:7215: $? = 1
configure: failed program was:
| /* confdefs.h */
| #define PACKAGE_NAME "tesseract"
| #define PACKAGE_TARNAME "tesseract"
| #define PACKAGE_VERSION "3.02.02"
| #define PACKAGE_STRING "tesseract 3.02.02"
| #define PACKAGE_BUGREPORT "http://code.google.com/p/tesseract-ocr/issues/list"
| #define PACKAGE_URL ""
| #define PACKAGE_NAME "tesseract"
| #define PACKAGE_VERSION "3.02.02"
| #define PACKAGE_YEAR "2012"
| #define PACKAGE_DATE "10/23"
| /* end confdefs.h.  */
| #include <ac_nonexistent.h>
configure:7240: result: gcc -E
configure:7260: gcc -E  conftest.c
configure:7260: $? = 0
configure:7274: gcc -E  conftest.c
conftest.c:13:28: fatal error: ac_nonexistent.h: No such file or directory
compilation terminated.
configure:7274: $? = 1
configure: failed program was:
| /* confdefs.h */
| #define PACKAGE_NAME "tesseract"
| #define PACKAGE_TARNAME "tesseract"
| #define PACKAGE_VERSION "3.02.02"
| #define PACKAGE_STRING "tesseract 3.02.02"
| #define PACKAGE_BUGREPORT "http://code.google.com/p/tesseract-ocr/issues/list"
| #define PACKAGE_URL ""
| #define PACKAGE_NAME "tesseract"
| #define PACKAGE_VERSION "3.02.02"
| #define PACKAGE_YEAR "2012"
| #define PACKAGE_DATE "10/23"
| /* end confdefs.h.  */
| #include <ac_nonexistent.h>
configure:7303: checking for ANSI C header files
configure:7323: gcc -c -g -O2  conftest.c >&5
configure:7323: $? = 0
configure:7396: gcc -o conftest -g -O2   conftest.c  >&5
configure:7396: $? = 0
configure:7396: ./conftest
configure:7396: $? = 0
configure:7407: result: yes
configure:7420: checking for sys/types.h
configure:7420: gcc -c -g -O2  conftest.c >&5
configure:7420: $? = 0
configure:7420: result: yes
configure:7420: checking for sys/stat.h
configure:7420: gcc -c -g -O2  conftest.c >&5
configure:7420: $? = 0
configure:7420: result: yes
configure:7420: checking for stdlib.h
configure:7420: gcc -c -g -O2  conftest.c >&5
configure:7420: $? = 0
configure:7420: result: yes
configure:7420: checking for string.h
configure:7420: gcc -c -g -O2  conftest.c >&5
configure:7420: $? = 0
configure:7420: result: yes
configure:7420: checking for memory.h
configure:7420: gcc -c -g -O2  conftest.c >&5
configure:7420: $? = 0
configure:7420: result: yes
configure:7420: checking for strings.h
configure:7420: gcc -c -g -O2  conftest.c >&5
configure:7420: $? = 0
configure:7420: result: yes
configure:7420: checking for inttypes.h
configure:7420: gcc -c -g -O2  conftest.c >&5
configure:7420: $? = 0
configure:7420: result: yes
configure:7420: checking for stdint.h
configure:7420: gcc -c -g -O2  conftest.c >&5
configure:7420: $? = 0
configure:7420: result: yes
configure:7420: checking for unistd.h
configure:7420: gcc -c -g -O2  conftest.c >&5
configure:7420: $? = 0
configure:7420: result: yes
configure:7434: checking for dlfcn.h
configure:7434: gcc -c -g -O2  conftest.c >&5
configure:7434: $? = 0
configure:7434: result: yes
configure:7632: checking for objdir
configure:7647: result: .libs
configure:7914: checking if gcc supports -fno-rtti -fno-exceptions
configure:7932: gcc -c -g -O2  -fno-rtti -fno-exceptions conftest.c >&5
cc1: warning: command line option "-fno-rtti" is valid for C++/ObjC++ but not for C
configure:7936: $? = 0
configure:7949: result: no
configure:8259: checking for gcc option to produce PIC
configure:8266: result: -fPIC -DPIC
configure:8274: checking if gcc PIC flag -fPIC -DPIC works
configure:8292: gcc -c -g -O2  -fPIC -DPIC -DPIC conftest.c >&5
configure:8296: $? = 0
configure:8309: result: yes
configure:8338: checking if gcc static flag -static works
configure:8366: result: yes
configure:8381: checking if gcc supports -c -o file.o
configure:8402: gcc -c -g -O2  -o out/conftest2.o conftest.c >&5
configure:8406: $? = 0
configure:8428: result: yes
configure:8436: checking if gcc supports -c -o file.o
configure:8483: result: yes
configure:8516: checking whether the gcc linker (/usr/x86_64-pc-linux-gnu/bin/ld -m elf_x86_64) supports shared libraries
configure:9674: result: yes
configure:9711: checking whether -lc should be explicitly linked in
configure:9719: gcc -c -g -O2  conftest.c >&5
configure:9722: $? = 0
configure:9737: gcc -shared  -fPIC -DPIC conftest.o  -v -Wl,-soname -Wl,conftest -o conftest 2\>\&1 \| /bin/grep  -lc  \>/dev/null 2\>\&1
configure:9740: $? = 0
configure:9754: result: no
configure:9919: checking dynamic linker characteristics
configure:10446: gcc -o conftest -g -O2   -Wl,-rpath -Wl,/foo conftest.c  >&5
configure:10446: $? = 0
configure:10668: result: GNU/Linux ld.so
configure:10775: checking how to hardcode library paths into programs
configure:10800: result: immediate
configure:11340: checking whether stripping libraries is possible
configure:11345: result: yes
configure:11380: checking if libtool supports shared libraries
configure:11382: result: yes
configure:11385: checking whether to build shared libraries
configure:11406: result: yes
configure:11409: checking whether to build static libraries
configure:11413: result: yes
configure:11436: checking how to run the C++ preprocessor
configure:11463: g++ -E  conftest.cpp
configure:11463: $? = 0
configure:11477: g++ -E  conftest.cpp
conftest.cpp:25:28: fatal error: ac_nonexistent.h: No such file or directory
compilation terminated.
configure:11477: $? = 1
configure: failed program was:
| /* confdefs.h */
| #define PACKAGE_NAME "tesseract"
| #define PACKAGE_TARNAME "tesseract"
| #define PACKAGE_VERSION "3.02.02"
| #define PACKAGE_STRING "tesseract 3.02.02"
| #define PACKAGE_BUGREPORT "http://code.google.com/p/tesseract-ocr/issues/list"
| #define PACKAGE_URL ""
| #define PACKAGE_NAME "tesseract"
| #define PACKAGE_VERSION "3.02.02"
| #define PACKAGE_YEAR "2012"
| #define PACKAGE_DATE "10/23"
| #define STDC_HEADERS 1
| #define HAVE_SYS_TYPES_H 1
| #define HAVE_SYS_STAT_H 1
| #define HAVE_STDLIB_H 1
| #define HAVE_STRING_H 1
| #define HAVE_MEMORY_H 1
| #define HAVE_STRINGS_H 1
| #define HAVE_INTTYPES_H 1
| #define HAVE_STDINT_H 1
| #define HAVE_UNISTD_H 1
| #define HAVE_DLFCN_H 1
| #define LT_OBJDIR ".libs/"
| /* end confdefs.h.  */
| #include <ac_nonexistent.h>
configure:11502: result: g++ -E
configure:11522: g++ -E  conftest.cpp
configure:11522: $? = 0
configure:11536: g++ -E  conftest.cpp
conftest.cpp:25:28: fatal error: ac_nonexistent.h: No such file or directory
compilation terminated.
configure:11536: $? = 1
configure: failed program was:
| /* confdefs.h */
| #define PACKAGE_NAME "tesseract"
| #define PACKAGE_TARNAME "tesseract"
| #define PACKAGE_VERSION "3.02.02"
| #define PACKAGE_STRING "tesseract 3.02.02"
| #define PACKAGE_BUGREPORT "http://code.google.com/p/tesseract-ocr/issues/list"
| #define PACKAGE_URL ""
| #define PACKAGE_NAME "tesseract"
| #define PACKAGE_VERSION "3.02.02"
| #define PACKAGE_YEAR "2012"
| #define PACKAGE_DATE "10/23"
| #define STDC_HEADERS 1
| #define HAVE_SYS_TYPES_H 1
| #define HAVE_SYS_STAT_H 1
| #define HAVE_STDLIB_H 1
| #define HAVE_STRING_H 1
| #define HAVE_MEMORY_H 1
| #define HAVE_STRINGS_H 1
| #define HAVE_INTTYPES_H 1
| #define HAVE_STDINT_H 1
| #define HAVE_UNISTD_H 1
| #define HAVE_DLFCN_H 1
| #define LT_OBJDIR ".libs/"
| /* end confdefs.h.  */
| #include <ac_nonexistent.h>
configure:11706: checking for ld used by g++
configure:11773: result: /usr/x86_64-pc-linux-gnu/bin/ld -m elf_x86_64
configure:11780: checking if the linker (/usr/x86_64-pc-linux-gnu/bin/ld -m elf_x86_64) is GNU ld
configure:11795: result: yes
configure:11850: checking whether the g++ linker (/usr/x86_64-pc-linux-gnu/bin/ld -m elf_x86_64) supports shared libraries
configure:12854: result: yes
configure:12889: g++ -c -g -O2  conftest.cpp >&5
configure:12892: $? = 0
configure:13412: checking for g++ option to produce PIC
configure:13419: result: -fPIC -DPIC
configure:13427: checking if g++ PIC flag -fPIC -DPIC works
configure:13445: g++ -c -g -O2  -fPIC -DPIC -DPIC conftest.cpp >&5
configure:13449: $? = 0
configure:13462: result: yes
configure:13485: checking if g++ static flag -static works
configure:13513: result: yes
configure:13525: checking if g++ supports -c -o file.o
configure:13546: g++ -c -g -O2  -o out/conftest2.o conftest.cpp >&5
configure:13550: $? = 0
configure:13572: result: yes
configure:13577: checking if g++ supports -c -o file.o
configure:13624: result: yes
configure:13654: checking whether the g++ linker (/usr/x86_64-pc-linux-gnu/bin/ld -m elf_x86_64) supports shared libraries
configure:13688: result: yes
configure:13831: checking dynamic linker characteristics
configure:14514: result: GNU/Linux ld.so
configure:14567: checking how to hardcode library paths into programs
configure:14592: result: immediate
configure:14672: checking for a BSD-compatible install
configure:14740: result: /usr/bin/install -c
configure:14751: checking whether build environment is sane
configure:14801: result: yes
configure:14942: checking for a thread-safe mkdir -p
configure:14981: result: /bin/mkdir -p
configure:14990: checking whether make sets $(MAKE)
configure:15012: result: yes
configure:15042: checking for style of include used by make
configure:15070: result: GNU
configure:15156: checking dependency style of gcc
configure:15267: result: gcc3
configure:15284: checking dependency style of g++
configure:15395: result: gcc3
configure:15414: checking whether to enable maintainer-specific portions of Makefiles
configure:15423: result: no
configure:15444: checking whether byte ordering is bigendian
configure:15459: gcc -c -g -O2  conftest.c >&5
conftest.c:28:13: error: expected '=', ',', ';', 'asm' or '__attribute__' before 'a'
configure:15459: $? = 1
configure: failed program was:
| /* confdefs.h */
| #define PACKAGE_NAME "tesseract"
| #define PACKAGE_TARNAME "tesseract"
| #define PACKAGE_VERSION "3.02.02"
| #define PACKAGE_STRING "tesseract 3.02.02"
| #define PACKAGE_BUGREPORT "http://code.google.com/p/tesseract-ocr/issues/list"
| #define PACKAGE_URL ""
| #define PACKAGE_NAME "tesseract"
| #define PACKAGE_VERSION "3.02.02"
| #define PACKAGE_YEAR "2012"
| #define PACKAGE_DATE "10/23"
| #define STDC_HEADERS 1
| #define HAVE_SYS_TYPES_H 1
| #define HAVE_SYS_STAT_H 1
| #define HAVE_STDLIB_H 1
| #define HAVE_STRING_H 1
| #define HAVE_MEMORY_H 1
| #define HAVE_STRINGS_H 1
| #define HAVE_INTTYPES_H 1
| #define HAVE_STDINT_H 1
| #define HAVE_UNISTD_H 1
| #define HAVE_DLFCN_H 1
| #define LT_OBJDIR ".libs/"
| #define PACKAGE "tesseract"
| #define VERSION "3.02.02"
| /* end confdefs.h.  */
| #ifndef __APPLE_CC__
| 	       not a universal capable compiler
| 	     #endif
| 	     typedef int dummy;
| 
configure:15504: gcc -c -g -O2  conftest.c >&5
configure:15504: $? = 0
configure:15522: gcc -c -g -O2  conftest.c >&5
conftest.c: In function 'main':
conftest.c:34:4: error: 'not' undeclared (first use in this function)
conftest.c:34:4: note: each undeclared identifier is reported only once for each function it appears in
conftest.c:34:8: error: expected ';' before 'big'
configure:15522: $? = 1
configure: failed program was:
| /* confdefs.h */
| #define PACKAGE_NAME "tesseract"
| #define PACKAGE_TARNAME "tesseract"
| #define PACKAGE_VERSION "3.02.02"
| #define PACKAGE_STRING "tesseract 3.02.02"
| #define PACKAGE_BUGREPORT "http://code.google.com/p/tesseract-ocr/issues/list"
| #define PACKAGE_URL ""
| #define PACKAGE_NAME "tesseract"
| #define PACKAGE_VERSION "3.02.02"
| #define PACKAGE_YEAR "2012"
| #define PACKAGE_DATE "10/23"
| #define STDC_HEADERS 1
| #define HAVE_SYS_TYPES_H 1
| #define HAVE_SYS_STAT_H 1
| #define HAVE_STDLIB_H 1
| #define HAVE_STRING_H 1
| #define HAVE_MEMORY_H 1
| #define HAVE_STRINGS_H 1
| #define HAVE_INTTYPES_H 1
| #define HAVE_STDINT_H 1
| #define HAVE_UNISTD_H 1
| #define HAVE_DLFCN_H 1
| #define LT_OBJDIR ".libs/"
| #define PACKAGE "tesseract"
| #define VERSION "3.02.02"
| /* end confdefs.h.  */
| #include <sys/types.h>
| 		#include <sys/param.h>
| 
| int
| main ()
| {
| #if BYTE_ORDER != BIG_ENDIAN
| 		 not big endian
| 		#endif
| 
|   ;
|   return 0;
| }
configure:15650: result: no
configure:15695: checking for library containing sem_init
configure:15726: g++ -o conftest -g -O2   conftest.cpp  >&5
/tmp/cc13RGsS.o: In function `main':
/mnt/bulk/dprojects/scanning/tesseract/conftest.cpp:38: undefined reference to `sem_init'
collect2: ld returned 1 exit status
configure:15726: $? = 1
configure: failed program was:
| /* confdefs.h */
| #define PACKAGE_NAME "tesseract"
| #define PACKAGE_TARNAME "tesseract"
| #define PACKAGE_VERSION "3.02.02"
| #define PACKAGE_STRING "tesseract 3.02.02"
| #define PACKAGE_BUGREPORT "http://code.google.com/p/tesseract-ocr/issues/list"
| #define PACKAGE_URL ""
| #define PACKAGE_NAME "tesseract"
| #define PACKAGE_VERSION "3.02.02"
| #define PACKAGE_YEAR "2012"
| #define PACKAGE_DATE "10/23"
| #define STDC_HEADERS 1
| #define HAVE_SYS_TYPES_H 1
| #define HAVE_SYS_STAT_H 1
| #define HAVE_STDLIB_H 1
| #define HAVE_STRING_H 1
| #define HAVE_MEMORY_H 1
| #define HAVE_STRINGS_H 1
| #define HAVE_INTTYPES_H 1
| #define HAVE_STDINT_H 1
| #define HAVE_UNISTD_H 1
| #define HAVE_DLFCN_H 1
| #define LT_OBJDIR ".libs/"
| #define PACKAGE "tesseract"
| #define VERSION "3.02.02"
| /* end confdefs.h.  */
| 
| /* Override any GCC internal prototype to avoid an error.
|    Use char because int might match the return type of a GCC
|    builtin and then its argument prototype would still apply.  */
| #ifdef __cplusplus
| extern "C"
| #endif
| char sem_init ();
| int
| main ()
| {
| return sem_init ();
|   ;
|   return 0;
| }
configure:15726: g++ -o conftest -g -O2   conftest.cpp -lpthread   >&5
configure:15726: $? = 0
configure:15743: result: -lpthread
configure:15758: checking for ANSI C header files
configure:15862: result: yes
configure:15870: checking whether time.h and sys/time.h may both be included
configure:15890: g++ -c -g -O2  conftest.cpp >&5
configure:15890: $? = 0
configure:15897: result: yes
configure:15905: checking for sys/wait.h that is POSIX.1 compatible
configure:15931: g++ -c -g -O2  conftest.cpp >&5
configure:15931: $? = 0
configure:15938: result: yes
configure:15949: checking sys/ipc.h usability
configure:15949: g++ -c -g -O2  conftest.cpp >&5
configure:15949: $? = 0
configure:15949: result: yes
configure:15949: checking sys/ipc.h presence
configure:15949: g++ -E  conftest.cpp
configure:15949: $? = 0
configure:15949: result: yes
configure:15949: checking for sys/ipc.h
configure:15949: result: yes
configure:15949: checking sys/shm.h usability
configure:15949: g++ -c -g -O2  conftest.cpp >&5
configure:15949: $? = 0
configure:15949: result: yes
configure:15949: checking sys/shm.h presence
configure:15949: g++ -E  conftest.cpp
configure:15949: $? = 0
configure:15949: result: yes
configure:15949: checking for sys/shm.h
configure:15949: result: yes
configure:15962: checking limits.h usability
configure:15962: g++ -c -g -O2  conftest.cpp >&5
configure:15962: $? = 0
configure:15962: result: yes
configure:15962: checking limits.h presence
configure:15962: g++ -E  conftest.cpp
configure:15962: $? = 0
configure:15962: result: yes
configure:15962: checking for limits.h
configure:15962: result: yes
configure:15962: checking malloc.h usability
configure:15962: g++ -c -g -O2  conftest.cpp >&5
configure:15962: $? = 0
configure:15962: result: yes
configure:15962: checking malloc.h presence
configure:15962: g++ -E  conftest.cpp
configure:15962: $? = 0
configure:15962: result: yes
configure:15962: checking for malloc.h
configure:15962: result: yes
configure:15973: checking for stdbool.h that conforms to C99
configure:16040: g++ -c -g -O2  conftest.cpp >&5
configure:16040: $? = 0
configure:16047: result: yes
configure:16049: checking for _Bool
configure:16049: g++ -c -g -O2  conftest.cpp >&5
conftest.cpp: In function 'int main()':
conftest.cpp:70:13: error: '_Bool' was not declared in this scope
configure:16049: $? = 1
configure: failed program was:
| /* confdefs.h */
| #define PACKAGE_NAME "tesseract"
| #define PACKAGE_TARNAME "tesseract"
| #define PACKAGE_VERSION "3.02.02"
| #define PACKAGE_STRING "tesseract 3.02.02"
| #define PACKAGE_BUGREPORT "http://code.google.com/p/tesseract-ocr/issues/list"
| #define PACKAGE_URL ""
| #define PACKAGE_NAME "tesseract"
| #define PACKAGE_VERSION "3.02.02"
| #define PACKAGE_YEAR "2012"
| #define PACKAGE_DATE "10/23"
| #define STDC_HEADERS 1
| #define HAVE_SYS_TYPES_H 1
| #define HAVE_SYS_STAT_H 1
| #define HAVE_STDLIB_H 1
| #define HAVE_STRING_H 1
| #define HAVE_MEMORY_H 1
| #define HAVE_STRINGS_H 1
| #define HAVE_INTTYPES_H 1
| #define HAVE_STDINT_H 1
| #define HAVE_UNISTD_H 1
| #define HAVE_DLFCN_H 1
| #define LT_OBJDIR ".libs/"
| #define PACKAGE "tesseract"
| #define VERSION "3.02.02"
| #define STDC_HEADERS 1
| #define TIME_WITH_SYS_TIME 1
| #define HAVE_SYS_WAIT_H 1
| #define HAVE_SYS_IPC_H 1
| #define HAVE_SYS_SHM_H 1
| #define HAVE_LIMITS_H 1
| #define HAVE_MALLOC_H 1
| /* end confdefs.h.  */
| #include <stdio.h>
| #ifdef HAVE_SYS_TYPES_H
| # include <sys/types.h>
| #endif
| #ifdef HAVE_SYS_STAT_H
| # include <sys/stat.h>
| #endif
| #ifdef STDC_HEADERS
| # include <stdlib.h>
| # include <stddef.h>
| #else
| # ifdef HAVE_STDLIB_H
| #  include <stdlib.h>
| # endif
| #endif
| #ifdef HAVE_STRING_H
| # if !defined STDC_HEADERS && defined HAVE_MEMORY_H
| #  include <memory.h>
| # endif
| # include <string.h>
| #endif
| #ifdef HAVE_STRINGS_H
| # include <strings.h>
| #endif
| #ifdef HAVE_INTTYPES_H
| # include <inttypes.h>
| #endif
| #ifdef HAVE_STDINT_H
| # include <stdint.h>
| #endif
| #ifdef HAVE_UNISTD_H
| # include <unistd.h>
| #endif
| int
| main ()
| {
| if (sizeof (_Bool))
| 	 return 0;
|   ;
|   return 0;
| }
configure:16049: result: no
configure:16067: checking whether #! works in shell scripts
configure:16084: result: yes
configure:16095: checking for special C compiler options needed for large files
configure:16140: result: no
configure:16146: checking for _FILE_OFFSET_BITS value needed for large files
configure:16171: g++ -c -g -O2  conftest.cpp >&5
configure:16171: $? = 0
configure:16203: result: no
configure:16292: checking for wchar_t
configure:16292: g++ -c -g -O2  conftest.cpp >&5
configure:16292: $? = 0
configure:16292: g++ -c -g -O2  conftest.cpp >&5
conftest.cpp: In function 'int main()':
conftest.cpp:71:14: error: expected primary-expression before 'wchar_t'
conftest.cpp:71:14: error: expected ')' before 'wchar_t'
conftest.cpp:72:14: error: expected ')' before ';' token
conftest.cpp:72:14: error: expected ')' before ';' token
configure:16292: $? = 1
configure: failed program was:
| /* confdefs.h */
| #define PACKAGE_NAME "tesseract"
| #define PACKAGE_TARNAME "tesseract"
| #define PACKAGE_VERSION "3.02.02"
| #define PACKAGE_STRING "tesseract 3.02.02"
| #define PACKAGE_BUGREPORT "http://code.google.com/p/tesseract-ocr/issues/list"
| #define PACKAGE_URL ""
| #define PACKAGE_NAME "tesseract"
| #define PACKAGE_VERSION "3.02.02"
| #define PACKAGE_YEAR "2012"
| #define PACKAGE_DATE "10/23"
| #define STDC_HEADERS 1
| #define HAVE_SYS_TYPES_H 1
| #define HAVE_SYS_STAT_H 1
| #define HAVE_STDLIB_H 1
| #define HAVE_STRING_H 1
| #define HAVE_MEMORY_H 1
| #define HAVE_STRINGS_H 1
| #define HAVE_INTTYPES_H 1
| #define HAVE_STDINT_H 1
| #define HAVE_UNISTD_H 1
| #define HAVE_DLFCN_H 1
| #define LT_OBJDIR ".libs/"
| #define PACKAGE "tesseract"
| #define VERSION "3.02.02"
| #define STDC_HEADERS 1
| #define TIME_WITH_SYS_TIME 1
| #define HAVE_SYS_WAIT_H 1
| #define HAVE_SYS_IPC_H 1
| #define HAVE_SYS_SHM_H 1
| #define HAVE_LIMITS_H 1
| #define HAVE_MALLOC_H 1
| #define HAVE_STDBOOL_H 1
| /* end confdefs.h.  */
| #include <stdio.h>
| #ifdef HAVE_SYS_TYPES_H
| # include <sys/types.h>
| #endif
| #ifdef HAVE_SYS_STAT_H
| # include <sys/stat.h>
| #endif
| #ifdef STDC_HEADERS
| # include <stdlib.h>
| # include <stddef.h>
| #else
| # ifdef HAVE_STDLIB_H
| #  include <stdlib.h>
| # endif
| #endif
| #ifdef HAVE_STRING_H
| # if !defined STDC_HEADERS && defined HAVE_MEMORY_H
| #  include <memory.h>
| # endif
| # include <string.h>
| #endif
| #ifdef HAVE_STRINGS_H
| # include <strings.h>
| #endif
| #ifdef HAVE_INTTYPES_H
| # include <inttypes.h>
| #endif
| #ifdef HAVE_STDINT_H
| # include <stdint.h>
| #endif
| #ifdef HAVE_UNISTD_H
| # include <unistd.h>
| #endif
| int
| main ()
| {
| if (sizeof ((wchar_t)))
| 	    return 0;
|   ;
|   return 0;
| }
configure:16292: result: yes
configure:16302: checking for mbstate_t
configure:16302: g++ -c -g -O2  conftest.cpp >&5
configure:16302: $? = 0
configure:16302: g++ -c -g -O2  conftest.cpp >&5
conftest.cpp: In function 'int main()':
conftest.cpp:41:23: error: expected primary-expression before ')' token
configure:16302: $? = 1
configure: failed program was:
| /* confdefs.h */
| #define PACKAGE_NAME "tesseract"
| #define PACKAGE_TARNAME "tesseract"
| #define PACKAGE_VERSION "3.02.02"
| #define PACKAGE_STRING "tesseract 3.02.02"
| #define PACKAGE_BUGREPORT "http://code.google.com/p/tesseract-ocr/issues/list"
| #define PACKAGE_URL ""
| #define PACKAGE_NAME "tesseract"
| #define PACKAGE_VERSION "3.02.02"
| #define PACKAGE_YEAR "2012"
| #define PACKAGE_DATE "10/23"
| #define STDC_HEADERS 1
| #define HAVE_SYS_TYPES_H 1
| #define HAVE_SYS_STAT_H 1
| #define HAVE_STDLIB_H 1
| #define HAVE_STRING_H 1
| #define HAVE_MEMORY_H 1
| #define HAVE_STRINGS_H 1
| #define HAVE_INTTYPES_H 1
| #define HAVE_STDINT_H 1
| #define HAVE_UNISTD_H 1
| #define HAVE_DLFCN_H 1
| #define LT_OBJDIR ".libs/"
| #define PACKAGE "tesseract"
| #define VERSION "3.02.02"
| #define STDC_HEADERS 1
| #define TIME_WITH_SYS_TIME 1
| #define HAVE_SYS_WAIT_H 1
| #define HAVE_SYS_IPC_H 1
| #define HAVE_SYS_SHM_H 1
| #define HAVE_LIMITS_H 1
| #define HAVE_MALLOC_H 1
| #define HAVE_STDBOOL_H 1
| #define HAVE_WCHAR_T 1
| /* end confdefs.h.  */
| #include "wchar.h"
| 
| int
| main ()
| {
| if (sizeof ((mbstate_t)))
| 	    return 0;
|   ;
|   return 0;
| }
configure:16302: result: yes
configure:16319: checking for leptonica
configure:16338: result: yes
configure:16340: checking for pixCreate in -llept
configure:16365: g++ -o conftest -g -O2  -I/usr/include/leptonica  conftest.cpp -llept  -lpthread  >&5
configure:16365: $? = 0
configure:16374: result: yes
configure:16628: creating ./config.status

## ---------------------- ##
## Running config.status. ##
## ---------------------- ##

This file was extended by tesseract config.status 3.02.02, which was
generated by GNU Autoconf 2.68.  Invocation command line was

  CONFIG_FILES    = 
  CONFIG_HEADERS  = 
  CONFIG_LINKS    = 
  CONFIG_COMMANDS = 
  $ ./config.status 

on Hugin

config.status:1219: creating Makefile
config.status:1219: creating tesseract.pc
config.status:1219: creating api/Makefile
config.status:1219: creating ccmain/Makefile
config.status:1219: creating ccstruct/Makefile
config.status:1219: creating ccutil/Makefile
config.status:1219: creating classify/Makefile
config.status:1219: creating cube/Makefile
config.status:1219: creating cutil/Makefile
config.status:1219: creating dict/Makefile
config.status:1219: creating image/Makefile
config.status:1219: creating neural_networks/runtime/Makefile
config.status:1219: creating textord/Makefile
config.status:1219: creating viewer/Makefile
config.status:1219: creating wordrec/Makefile
config.status:1219: creating training/Makefile
config.status:1219: creating tessdata/Makefile
config.status:1219: creating tessdata/configs/Makefile
config.status:1219: creating tessdata/tessconfigs/Makefile
config.status:1219: creating testing/Makefile
config.status:1219: creating java/Makefile
config.status:1219: creating java/com/Makefile
config.status:1219: creating java/com/google/Makefile
config.status:1219: creating java/com/google/scrollview/Makefile
config.status:1219: creating java/com/google/scrollview/events/Makefile
config.status:1219: creating java/com/google/scrollview/ui/Makefile
config.status:1219: creating doc/Makefile
config.status:1219: creating config_auto.h
config.status:1448: executing libtool commands
config.status:1448: executing depfiles commands

## ---------------- ##
## Cache variables. ##
## ---------------- ##

ac_cv_build=x86_64-unknown-linux-gnu
ac_cv_c_bigendian=no
ac_cv_c_compiler_gnu=yes
ac_cv_cxx_compiler_gnu=yes
ac_cv_env_CCC_set=
ac_cv_env_CCC_value=
ac_cv_env_CC_set=
ac_cv_env_CC_value=
ac_cv_env_CFLAGS_set=
ac_cv_env_CFLAGS_value=
ac_cv_env_CPPFLAGS_set=
ac_cv_env_CPPFLAGS_value=
ac_cv_env_CPP_set=
ac_cv_env_CPP_value=
ac_cv_env_CXXCPP_set=
ac_cv_env_CXXCPP_value=
ac_cv_env_CXXFLAGS_set=
ac_cv_env_CXXFLAGS_value=
ac_cv_env_CXX_set=
ac_cv_env_CXX_value=
ac_cv_env_LDFLAGS_set=
ac_cv_env_LDFLAGS_value=
ac_cv_env_LIBLEPT_HEADERSDIR_set=
ac_cv_env_LIBLEPT_HEADERSDIR_value=
ac_cv_env_LIBS_set=
ac_cv_env_LIBS_value=
ac_cv_env_build_alias_set=
ac_cv_env_build_alias_value=
ac_cv_env_host_alias_set=
ac_cv_env_host_alias_value=
ac_cv_env_target_alias_set=
ac_cv_env_target_alias_value=
ac_cv_header_dlfcn_h=yes
ac_cv_header_inttypes_h=yes
ac_cv_header_limits_h=yes
ac_cv_header_malloc_h=yes
ac_cv_header_memory_h=yes
ac_cv_header_stdbool_h=yes
ac_cv_header_stdc=yes
ac_cv_header_stdint_h=yes
ac_cv_header_stdlib_h=yes
ac_cv_header_string_h=yes
ac_cv_header_strings_h=yes
ac_cv_header_sys_ipc_h=yes
ac_cv_header_sys_shm_h=yes
ac_cv_header_sys_stat_h=yes
ac_cv_header_sys_types_h=yes
ac_cv_header_sys_wait_h=yes
ac_cv_header_time=yes
ac_cv_header_unistd_h=yes
ac_cv_host=x86_64-unknown-linux-gnu
ac_cv_lib_lept_pixCreate=yes
ac_cv_objext=o
ac_cv_path_EGREP='/bin/grep -E'
ac_cv_path_FGREP='/bin/grep -F'
ac_cv_path_GREP=/bin/grep
ac_cv_path_SED=/bin/sed
ac_cv_path_install='/usr/bin/install -c'
ac_cv_path_mkdir=/bin/mkdir
ac_cv_prog_AWK=gawk
ac_cv_prog_CPP='gcc -E'
ac_cv_prog_CXXCPP='g++ -E'
ac_cv_prog_ac_ct_AR=ar
ac_cv_prog_ac_ct_CC=gcc
ac_cv_prog_ac_ct_CXX=g++
ac_cv_prog_ac_ct_OBJDUMP=objdump
ac_cv_prog_ac_ct_RANLIB=ranlib
ac_cv_prog_ac_ct_STRIP=strip
ac_cv_prog_cc_c89=
ac_cv_prog_cc_g=yes
ac_cv_prog_cxx_g=yes
ac_cv_prog_make_make_set=yes
ac_cv_search_sem_init=-lpthread
ac_cv_sys_file_offset_bits=no
ac_cv_sys_interpreter=yes
ac_cv_sys_largefile_CC=no
ac_cv_type__Bool=no
ac_cv_type_mbstate_t=yes
ac_cv_type_wchar_t=yes
am_cv_CC_dependencies_compiler_type=gcc3
am_cv_CXX_dependencies_compiler_type=gcc3
lt_cv_ar_at_file=@
lt_cv_archive_cmds_need_lc=no
lt_cv_deplibs_check_method=pass_all
lt_cv_file_magic_cmd='$MAGIC_CMD'
lt_cv_file_magic_test_file=
lt_cv_ld_reload_flag=-r
lt_cv_nm_interface='BSD nm'
lt_cv_objdir=.libs
lt_cv_path_LD=/usr/x86_64-pc-linux-gnu/bin/ld
lt_cv_path_LDCXX='/usr/x86_64-pc-linux-gnu/bin/ld -m elf_x86_64'
lt_cv_path_NM='/usr/bin/nm -B'
lt_cv_path_mainfest_tool=no
lt_cv_prog_compiler_c_o=yes
lt_cv_prog_compiler_c_o_CXX=yes
lt_cv_prog_compiler_pic='-fPIC -DPIC'
lt_cv_prog_compiler_pic_CXX='-fPIC -DPIC'
lt_cv_prog_compiler_pic_works=yes
lt_cv_prog_compiler_pic_works_CXX=yes
lt_cv_prog_compiler_rtti_exceptions=no
lt_cv_prog_compiler_static_works=yes
lt_cv_prog_compiler_static_works_CXX=yes
lt_cv_prog_gnu_ld=yes
lt_cv_prog_gnu_ldcxx=yes
lt_cv_sharedlib_from_linklib_cmd='printf %s\n'
lt_cv_shlibpath_overrides_runpath=yes
lt_cv_sys_global_symbol_pipe='sed -n -e '\''s/^.*[	 ]\([ABCDGIRSTW][ABCDGIRSTW]*\)[	 ][	 ]*\([_A-Za-z][_A-Za-z0-9]*\)$/\1 \2 \2/p'\'' | sed '\''/ __gnu_lto/d'\'''
lt_cv_sys_global_symbol_to_c_name_address='sed -n -e '\''s/^: \([^ ]*\)[ ]*$/  {\"\1\", (void *) 0},/p'\'' -e '\''s/^[ABCDGIRSTW]* \([^ ]*\) \([^ ]*\)$/  {"\2", (void *) \&\2},/p'\'''
lt_cv_sys_global_symbol_to_c_name_address_lib_prefix='sed -n -e '\''s/^: \([^ ]*\)[ ]*$/  {\"\1\", (void *) 0},/p'\'' -e '\''s/^[ABCDGIRSTW]* \([^ ]*\) \(lib[^ ]*\)$/  {"\2", (void *) \&\2},/p'\'' -e '\''s/^[ABCDGIRSTW]* \([^ ]*\) \([^ ]*\)$/  {"lib\2", (void *) \&\2},/p'\'''
lt_cv_sys_global_symbol_to_cdecl='sed -n -e '\''s/^T .* \(.*\)$/extern int \1();/p'\'' -e '\''s/^[ABCDGIRSTW]* .* \(.*\)$/extern char \1;/p'\'''
lt_cv_sys_max_cmd_len=1572864
lt_cv_to_host_file_cmd=func_convert_file_noop
lt_cv_to_tool_file_cmd=func_convert_file_noop

## ----------------- ##
## Output variables. ##
## ----------------- ##

ACLOCAL='${SHELL} /mnt/bulk/dprojects/scanning/tesseract/config/missing --run aclocal-1.11'
AMDEPBACKSLASH='\'
AMDEP_FALSE='#'
AMDEP_TRUE=''
AMTAR='$${TAR-tar}'
AM_CPPFLAGS=' -O3 -DNDEBUG'
AM_LDFLAGS=''
AR='ar'
AUTOCONF='${SHELL} /mnt/bulk/dprojects/scanning/tesseract/config/missing --run autoconf'
AUTOHEADER='${SHELL} /mnt/bulk/dprojects/scanning/tesseract/config/missing --run autoheader'
AUTOMAKE='${SHELL} /mnt/bulk/dprojects/scanning/tesseract/config/missing --run automake-1.11'
AWK='gawk'
CC='gcc'
CCDEPMODE='depmode=gcc3'
CFLAGS='-g -O2'
CPP='gcc -E'
CPPFLAGS=' -I/usr/include/leptonica'
CXX='g++'
CXXCPP='g++ -E'
CXXDEPMODE='depmode=gcc3'
CXXFLAGS='-g -O2'
CYGPATH_W='echo'
DEFS='-DHAVE_CONFIG_H'
DEPDIR='.deps'
DLLTOOL='false'
DSYMUTIL=''
DUMPBIN=''
ECHO_C=''
ECHO_N='-n'
ECHO_T=''
EGREP='/bin/grep -E'
EMBEDDED_FALSE=''
EMBEDDED_TRUE='#'
EXEEXT=''
FGREP='/bin/grep -F'
GENERIC_API_VERSION='3.2'
GENERIC_LIBRARY_NAME='tesseract'
GENERIC_LIBRARY_VERSION='3:2'
GENERIC_MAJOR_VERSION='3'
GENERIC_RELEASE='3.2'
GENERIC_VERSION='3.2.2'
GRAPHICS_DISABLED_FALSE=''
GRAPHICS_DISABLED_TRUE='#'
GREP='/bin/grep'
INSTALL_DATA='${INSTALL} -m 644'
INSTALL_PROGRAM='${INSTALL}'
INSTALL_SCRIPT='${INSTALL}'
INSTALL_STRIP_PROGRAM='$(install_sh) -c -s'
LD='/usr/x86_64-pc-linux-gnu/bin/ld -m elf_x86_64'
LDFLAGS=''
LIBLEPT_HEADERSDIR='/usr/local/include /usr/include'
LIBOBJS=''
LIBS='-llept -lpthread '
LIBTOOL='$(SHELL) $(top_builddir)/libtool'
LIPO=''
LN_S='ln -s'
LTLIBOBJS=''
MAINT='#'
MAINTAINER_MODE_FALSE=''
MAINTAINER_MODE_TRUE='#'
MAKEINFO='${SHELL} /mnt/bulk/dprojects/scanning/tesseract/config/missing --run makeinfo'
MANIFEST_TOOL=':'
MINGW_FALSE=''
MINGW_TRUE='#'
MKDIR_P='/bin/mkdir -p'
NM='/usr/bin/nm -B'
NMEDIT=''
NO_TESSDATA_PREFIX_FALSE=''
NO_TESSDATA_PREFIX_TRUE='#'
OBJDUMP='objdump'
OBJEXT='o'
OTOOL64=''
OTOOL=''
PACKAGE='tesseract'
PACKAGE_BUGREPORT='http://code.google.com/p/tesseract-ocr/issues/list'
PACKAGE_DATE='10/23'
PACKAGE_NAME='tesseract'
PACKAGE_STRING='tesseract 3.02.02'
PACKAGE_TARNAME='tesseract'
PACKAGE_URL=''
PACKAGE_VERSION='3.02.02'
PACKAGE_YEAR='2012'
PATH_SEPARATOR=':'
RANLIB='ranlib'
SED='/bin/sed'
SET_MAKE=''
SHELL='/bin/sh'
STRIP='strip'
USING_MULTIPLELIBS_FALSE=''
USING_MULTIPLELIBS_TRUE='#'
VERSION='3.02.02'
VISIBILITY_FALSE=''
VISIBILITY_TRUE='#'
ac_ct_AR='ar'
ac_ct_CC='gcc'
ac_ct_CXX='g++'
ac_ct_DUMPBIN=''
am__EXEEXT_FALSE=''
am__EXEEXT_TRUE='#'
am__fastdepCC_FALSE='#'
am__fastdepCC_TRUE=''
am__fastdepCXX_FALSE='#'
am__fastdepCXX_TRUE=''
am__include='include'
am__isrc=''
am__leading_dot='.'
am__nodep='_no'
am__quote=''
am__tar='$${TAR-tar} chof - "$$tardir"'
am__untar='$${TAR-tar} xf -'
bindir='${exec_prefix}/bin'
build='x86_64-unknown-linux-gnu'
build_alias=''
build_cpu='x86_64'
build_os='linux-gnu'
build_vendor='unknown'
datadir='${datarootdir}'
datarootdir='${prefix}/share'
docdir='${datarootdir}/doc/${PACKAGE_TARNAME}'
dvidir='${docdir}'
exec_prefix='${prefix}'
host='x86_64-unknown-linux-gnu'
host_alias=''
host_cpu='x86_64'
host_os='linux-gnu'
host_vendor='unknown'
htmldir='${docdir}'
includedir='${prefix}/include/tesseract'
infodir='${datarootdir}/info'
install_sh='${SHELL} /mnt/bulk/dprojects/scanning/tesseract/config/install-sh'
libdir='${exec_prefix}/lib'
libexecdir='${exec_prefix}/libexec'
localedir='${datarootdir}/locale'
localstatedir='${prefix}/var'
mandir='${datarootdir}/man'
mkdir_p='/bin/mkdir -p'
oldincludedir='/usr/include'
pdfdir='${docdir}'
prefix='/usr/local'
program_transform_name='s,x,x,'
psdir='${docdir}'
sbindir='${exec_prefix}/sbin'
sharedstatedir='${prefix}/com'
sysconfdir='${prefix}/etc'
target_alias=''

## ----------- ##
## confdefs.h. ##
## ----------- ##

/* confdefs.h */
#define PACKAGE_NAME "tesseract"
#define PACKAGE_TARNAME "tesseract"
#define PACKAGE_VERSION "3.02.02"
#define PACKAGE_STRING "tesseract 3.02.02"
#define PACKAGE_BUGREPORT "http://code.google.com/p/tesseract-ocr/issues/list"
#define PACKAGE_URL ""
#define PACKAGE_NAME "tesseract"
#define PACKAGE_VERSION "3.02.02"
#define PACKAGE_YEAR "2012"
#define PACKAGE_DATE "10/23"
#define STDC_HEADERS 1
#define HAVE_SYS_TYPES_H 1
#define HAVE_SYS_STAT_H 1
#define HAVE_STDLIB_H 1
#define HAVE_STRING_H 1
#define HAVE_MEMORY_H 1
#define HAVE_STRINGS_H 1
#define HAVE_INTTYPES_H 1
#define HAVE_STDINT_H 1
#define HAVE_UNISTD_H 1
#define HAVE_DLFCN_H 1
#define LT_OBJDIR ".libs/"
#define PACKAGE "tesseract"
#define VERSION "3.02.02"
#define STDC_HEADERS 1
#define TIME_WITH_SYS_TIME 1
#define HAVE_SYS_WAIT_H 1
#define HAVE_SYS_IPC_H 1
#define HAVE_SYS_SHM_H 1
#define HAVE_LIMITS_H 1
#define HAVE_MALLOC_H 1
#define HAVE_STDBOOL_H 1
#define HAVE_WCHAR_T 1
#define HAVE_MBSTATE_T 1
#define HAVE_LIBLEPT 1

configure: exit 0
